c:\users\kuruc\source\repos\vfs\vfs\x64\debug\vc143.pdb
c:\users\kuruc\source\repos\vfs\vfs\x64\debug\vc143.idb
c:\users\kuruc\source\repos\vfs\vfs\x64\debug\virtualfilesystem.obj
c:\users\kuruc\source\repos\vfs\vfs\x64\debug\vfs.obj
c:\users\kuruc\source\repos\vfs\vfs\x64\debug\node.obj
c:\users\kuruc\source\repos\vfs\vfs\x64\debug\file.obj
c:\users\kuruc\source\repos\vfs\vfs\x64\debug\directory.obj
c:\users\kuruc\source\repos\vfs\vfs\x64\debug\shell.obj
c:\users\kuruc\source\repos\vfs\x64\debug\vfs.pdb
c:\users\kuruc\source\repos\vfs\vfs\x64\debug\vfs.tlog\cl.command.1.tlog
c:\users\kuruc\source\repos\vfs\vfs\x64\debug\vfs.tlog\cl.read.1.tlog
c:\users\kuruc\source\repos\vfs\vfs\x64\debug\vfs.tlog\cl.write.1.tlog
c:\users\kuruc\source\repos\vfs\vfs\x64\debug\vfs.tlog\link-cvtres.read.1.tlog
c:\users\kuruc\source\repos\vfs\vfs\x64\debug\vfs.tlog\link-cvtres.write.1.tlog
c:\users\kuruc\source\repos\vfs\vfs\x64\debug\vfs.tlog\link-rc.read.1.tlog
c:\users\kuruc\source\repos\vfs\vfs\x64\debug\vfs.tlog\link-rc.write.1.tlog
c:\users\kuruc\source\repos\vfs\vfs\x64\debug\vfs.tlog\link.command.1.tlog
c:\users\kuruc\source\repos\vfs\vfs\x64\debug\vfs.tlog\link.read.1.tlog
c:\users\kuruc\source\repos\vfs\vfs\x64\debug\vfs.tlog\link.read.2.tlog
c:\users\kuruc\source\repos\vfs\vfs\x64\debug\vfs.tlog\link.write.1.tlog
